<?xml version="1.0" encoding="UTF-8"?>
<!-- Generated by org.testng.reporters.JUnitXMLReporter -->
<testsuite ignored="2" hostname="QSP" failures="0" tests="2" name="Test" time="0.145" errors="0" timestamp="2021-07-07T16:36:25 IST">
  <testcase classname="testng.Test0" name="createCustomer" time="0.014"/>
  <testcase classname="testng.Test0" name="createProject" time="0.002"/>
  <testcase classname="testng.Test0" name="deletecustomer" time="0.0">
    <ignored/>
  </testcase> <!-- deletecustomer -->
  <testcase classname="testng.Test0" name="deleteproject" time="0.0">
    <ignored/>
  </testcase> <!-- deleteproject -->
</testsuite> <!-- Test -->
